c:\users\admin\desktop\loadpe_firstapp\debug\loadpe_firstapp.bsc
c:\users\admin\desktop\loadpe_firstapp\debug\vc120.pdb
c:\users\admin\desktop\loadpe_firstapp\debug\vc120.idb
c:\users\admin\desktop\loadpe_firstapp\debug\shell.sbr
c:\users\admin\desktop\loadpe_firstapp\debug\peoperator.sbr
c:\users\admin\desktop\loadpe_firstapp\debug\loadpe_firstapp.sbr
c:\users\admin\desktop\loadpe_firstapp\debug\inject.sbr
c:\users\admin\desktop\loadpe_firstapp\debug\inject.obj
c:\users\admin\desktop\loadpe_firstapp\debug\loadpe_firstapp.obj
c:\users\admin\desktop\loadpe_firstapp\debug\peoperator.obj
c:\users\admin\desktop\loadpe_firstapp\debug\shell.obj
c:\users\admin\desktop\loadpe_firstapp\debug\loadpe_firstapp.ilk
c:\users\admin\desktop\loadpe_firstapp\debug\loadpe_firstapp.exe
c:\users\admin\desktop\loadpe_firstapp\debug\loadpe_firstapp.pdb
c:\users\admin\desktop\loadpe_firstapp\debug\resource.res
c:\users\qiu_jy\desktop\loadpe_firstapp\debug\inject.obj
c:\users\qiu_jy\desktop\loadpe_firstapp\debug\loadpe_firstapp.obj
c:\users\qiu_jy\desktop\loadpe_firstapp\debug\peoperator.obj
c:\users\qiu_jy\desktop\loadpe_firstapp\debug\shell.obj
c:\users\qiu_jy\desktop\loadpe_firstapp\debug\loadpe_firstapp.ilk
c:\users\qiu_jy\desktop\loadpe_firstapp\debug\resource.res
c:\users\qiu_jy\desktop\loadpe_firstapp\debug\vc120.idb
c:\users\qiu_jy\desktop\loadpe_firstapp\debug\loadpe_firstapp.pdb
c:\users\qiu_jy\desktop\loadpe_firstapp\debug\vc120.pdb
c:\users\qiu_jy\desktop\loadpe_firstapp\debug\loadpe_firstapp.bsc
c:\users\qiu_jy\desktop\loadpe_firstapp\debug\inject.sbr
c:\users\qiu_jy\desktop\loadpe_firstapp\debug\loadpe_firstapp.sbr
c:\users\qiu_jy\desktop\loadpe_firstapp\debug\peoperator.sbr
c:\users\qiu_jy\desktop\loadpe_firstapp\debug\shell.sbr
c:\users\qiu_jy\desktop\loadpe_firstapp\.\debug\loadpe_firstapp.exe
c:\users\qiu_jy\desktop\loadpe_firstapp\debug\loadpe_firstapp.tlog\bscmake.command.1.tlog
c:\users\qiu_jy\desktop\loadpe_firstapp\debug\loadpe_firstapp.tlog\bscmake.read.1.tlog
c:\users\qiu_jy\desktop\loadpe_firstapp\debug\loadpe_firstapp.tlog\bscmake.write.1.tlog
c:\users\qiu_jy\desktop\loadpe_firstapp\debug\loadpe_firstapp.tlog\cl.command.1.tlog
c:\users\qiu_jy\desktop\loadpe_firstapp\debug\loadpe_firstapp.tlog\cl.read.1.tlog
c:\users\qiu_jy\desktop\loadpe_firstapp\debug\loadpe_firstapp.tlog\cl.write.1.tlog
c:\users\qiu_jy\desktop\loadpe_firstapp\debug\loadpe_firstapp.tlog\link.command.1.tlog
c:\users\qiu_jy\desktop\loadpe_firstapp\debug\loadpe_firstapp.tlog\link.read.1.tlog
c:\users\qiu_jy\desktop\loadpe_firstapp\debug\loadpe_firstapp.tlog\link.write.1.tlog
c:\users\qiu_jy\desktop\loadpe_firstapp\debug\loadpe_firstapp.tlog\rc.command.1.tlog
c:\users\qiu_jy\desktop\loadpe_firstapp\debug\loadpe_firstapp.tlog\rc.read.1.tlog
c:\users\qiu_jy\desktop\loadpe_firstapp\debug\loadpe_firstapp.tlog\rc.write.1.tlog
